<?xml version="1.0" encoding="UTF-8"?>
<!-- Generated by org.testng.reporters.JUnitReportReporter -->
<testsuite hostname="DESKTOP-4FILBBQ" failures="0" tests="1" name="com.qa.hs.keyword.tests.LoginTest" time="27.066" errors="0" timestamp="2024-04-01T12:54:30 IST" skipped="0">
  <testcase classname="com.qa.hs.keyword.tests.LoginTest" name="loginTest" time="27.066"/>
</testsuite> <!-- com.qa.hs.keyword.tests.LoginTest -->
